09-12-2018 @ 09:44:57 - Weight and cubage of the order: Array
(
    [weight] => 0
    [height] => 2
    [width] => 11
    [length] => 16
)

09-12-2018 @ 09:44:57 - Requesting Correios WebServices: http://ws.correios.com.br/calculador/CalcPrecoPrazo.aspx?nCdServico=40886&nCdEmpresa&sDsSenha&sCepDestino=82620150&sCepOrigem=80215300&nVlAltura=2&nVlLargura=11&nVlDiametro=0&nVlComprimento=16&nVlPeso=0&nCdFormato=1&sCdMaoPropria=N&nVlValorDeclarado=50&sCdAvisoRecebimento=N&StrRetorno=xml
09-12-2018 @ 09:44:59 - Correios WebServices response: SimpleXMLElement Object
(
    [cServico] => SimpleXMLElement Object
        (
            [Codigo] => 40886
            [Valor] => 0,00
            [PrazoEntrega] => 0
            [ValorSemAdicionais] => 0,00
            [ValorMaoPropria] => 0,00
            [ValorAvisoRecebimento] => 0,00
            [ValorValorDeclarado] => 0,50
            [EntregaDomiciliar] => SimpleXMLElement Object
                (
                )

            [EntregaSabado] => SimpleXMLElement Object
                (
                )

            [Erro] => 008
            [MsgErro] => Serviço indisponível para o trecho informado.
            [obsFim] => SimpleXMLElement Object
                (
                )

        )

)

