09-11-2018 @ 16:23:46 - Weight and cubage of the order: Array
(
    [weight] => 0,6
    [height] => 30
    [width] => 20
    [length] => 20
)

09-11-2018 @ 16:23:46 - Requesting Correios WebServices: http://ws.correios.com.br/calculador/CalcPrecoPrazo.aspx?nCdServico=04510&nCdEmpresa&sDsSenha&sCepDestino=80420000&sCepOrigem=80215300&nVlAltura=30&nVlLargura=20&nVlDiametro=0&nVlComprimento=20&nVlPeso=0,6&nCdFormato=1&sCdMaoPropria=N&nVlValorDeclarado=160&sCdAvisoRecebimento=N&StrRetorno=xml
09-11-2018 @ 16:23:47 - Correios WebServices response: SimpleXMLElement Object
(
    [cServico] => SimpleXMLElement Object
        (
            [Codigo] => 04510
            [Valor] => 21,63
            [PrazoEntrega] => 5
            [ValorSemAdicionais] => 18,80
            [ValorMaoPropria] => 0,00
            [ValorAvisoRecebimento] => 0,00
            [ValorValorDeclarado] => 2,83
            [EntregaDomiciliar] => S
            [EntregaSabado] => N
            [Erro] => 0
            [MsgErro] => SimpleXMLElement Object
                (
                )

            [obsFim] => SimpleXMLElement Object
                (
                )

        )

)

