09-11-2018 @ 16:23:47 - Weight and cubage of the order: Array
(
    [weight] => 0,6
    [height] => 30
    [width] => 20
    [length] => 20
)

09-11-2018 @ 16:23:47 - Requesting Correios WebServices: http://ws.correios.com.br/calculador/CalcPrecoPrazo.aspx?nCdServico=04014&nCdEmpresa&sDsSenha&sCepDestino=80420000&sCepOrigem=80215300&nVlAltura=30&nVlLargura=20&nVlDiametro=0&nVlComprimento=20&nVlPeso=0,6&nCdFormato=1&sCdMaoPropria=N&nVlValorDeclarado=0&sCdAvisoRecebimento=N&StrRetorno=xml
09-11-2018 @ 16:23:48 - Correios WebServices response: SimpleXMLElement Object
(
    [cServico] => SimpleXMLElement Object
        (
            [Codigo] => 04014
            [Valor] => 20,10
            [PrazoEntrega] => 1
            [ValorSemAdicionais] => 20,10
            [ValorMaoPropria] => 0,00
            [ValorAvisoRecebimento] => 0,00
            [ValorValorDeclarado] => 0,00
            [EntregaDomiciliar] => S
            [EntregaSabado] => S
            [Erro] => 0
            [MsgErro] => SimpleXMLElement Object
                (
                )

            [obsFim] => SimpleXMLElement Object
                (
                )

        )

)

